<?xml version="1.0" encoding="UTF-8"?>
<!-- Generated by org.testng.reporters.JUnitReportReporter -->
<testsuite skipped="4" hostname="LAPTOP-ITB2QEG8" name="jenkins_grid.jenkins_grid.google" tests="5" failures="0" timestamp="6 Dec 2020 12:09:41 GMT" time="0.012" errors="1">
  <testcase name="login_2" time="0.000" classname="jenkins_grid.jenkins_grid.google">
    <skipped/>
  </testcase> <!-- login_2 -->
  <testcase name="login_4" time="0.000" classname="jenkins_grid.jenkins_grid.google">
    <skipped/>
  </testcase> <!-- login_4 -->
  <testcase name="setUp" time="0.000" classname="jenkins_grid.jenkins_grid.google">
    <error type="org.testng.TestNGException" message="
Parameter &#039;browser&#039; is required by @Configuration on method setUp but has not been marked @Optional or defined
in C:\Users\chira\AppData\Local\Temp\testng-eclipse-80533069\testng-customsuite.xml">
      <![CDATA[org.testng.TestNGException: 
Parameter 'browser' is required by @Configuration on method setUp but has not been marked @Optional or defined
in C:\Users\chira\AppData\Local\Temp\testng-eclipse-80533069\testng-customsuite.xml
	at org.testng.internal.Parameters.createParameters(Parameters.java:156)
	at org.testng.internal.Parameters.createParameters(Parameters.java:370)
	at org.testng.internal.Parameters.createConfigurationParameters(Parameters.java:86)
	at org.testng.internal.Invoker.invokeConfigurations(Invoker.java:202)
	at org.testng.internal.Invoker.invokeConfigurations(Invoker.java:143)
	at org.testng.TestRunner.beforeRun(TestRunner.java:631)
	at org.testng.TestRunner.run(TestRunner.java:599)
	at org.testng.SuiteRunner.runTest(SuiteRunner.java:368)
	at org.testng.SuiteRunner.runSequentially(SuiteRunner.java:363)
	at org.testng.SuiteRunner.privateRun(SuiteRunner.java:321)
	at org.testng.SuiteRunner.run(SuiteRunner.java:270)
	at org.testng.SuiteRunnerWorker.runSuite(SuiteRunnerWorker.java:52)
	at org.testng.SuiteRunnerWorker.run(SuiteRunnerWorker.java:86)
	at org.testng.TestNG.runSuitesSequentially(TestNG.java:1284)
	at org.testng.TestNG.runSuitesLocally(TestNG.java:1209)
	at org.testng.TestNG.runSuites(TestNG.java:1124)
	at org.testng.TestNG.run(TestNG.java:1096)
	at org.testng.remote.AbstractRemoteTestNG.run(AbstractRemoteTestNG.java:132)
	at org.testng.remote.RemoteTestNG.initAndRun(RemoteTestNG.java:236)
	at org.testng.remote.RemoteTestNG.main(RemoteTestNG.java:81)
]]>
    </error>
  </testcase> <!-- setUp -->
  <testcase name="login_1" time="0.012" classname="jenkins_grid.jenkins_grid.google">
    <skipped/>
  </testcase> <!-- login_1 -->
  <testcase name="login_3" time="0.000" classname="jenkins_grid.jenkins_grid.google">
    <skipped/>
  </testcase> <!-- login_3 -->
</testsuite> <!-- jenkins_grid.jenkins_grid.google -->
